<?xml version="1.0" encoding="UTF-8"?>
<!-- Generated by org.testng.reporters.JUnitXMLReporter -->
<testsuite ignored="2" hostname="root" failures="0" tests="1" name="Test" time="14.435" errors="0" timestamp="2024-10-19T16:22:43 IST">
  <testcase classname="com.comcast.crm.orgtest.CreateOrganizationtest" name="CreateOrganizationtest" time="8.441"/>
  <testcase classname="com.comcast.crm.orgtest.CreateOrganizationtest" name="CreateOrganizationWithIndustriesTest" time="0.0">
    <ignored/>
  </testcase> <!-- CreateOrganizationWithIndustriesTest -->
  <testcase classname="com.comcast.crm.orgtest.CreateOrganizationtest" name="Deleteorgtest" time="0.0">
    <ignored/>
  </testcase> <!-- Deleteorgtest -->
</testsuite> <!-- Test -->
